#-----------------------------------------------------------
# Vivado v2019.1 (64-bit)
# SW Build 2552052 on Fri May 24 14:49:42 MDT 2019
# IP Build 2548770 on Fri May 24 18:01:18 MDT 2019
# Start of session at: Sun Mar 20 14:10:03 2022
# Process ID: 23952
# Current directory: E:/CMPEN 331 Vivado Lab/331_Lab3/331_lab3_yubo
# Command line: vivado.exe -gui_launcher_event rodinguilauncherevent14800 E:\CMPEN 331 Vivado Lab\331_Lab3\331_lab3_yubo\331_lab3_yubo.xpr
# Log file: E:/CMPEN 331 Vivado Lab/331_Lab3/331_lab3_yubo/vivado.log
# Journal file: E:/CMPEN 331 Vivado Lab/331_Lab3/331_lab3_yubo\vivado.jou
#-----------------------------------------------------------
start_gui
open_project {E:/CMPEN 331 Vivado Lab/331_Lab3/331_lab3_yubo/331_lab3_yubo.xpr}
Scanning sources...
Finished scanning sources
INFO: [IP_Flow 19-234] Refreshing IP repositories
INFO: [IP_Flow 19-1704] No user IP repositories specified
INFO: [IP_Flow 19-2313] Loaded Vivado IP repository 'C:/Xilinx/Vivado/2019.1/data/ip'.
update_compile_order -fileset sources_1
launch_simulation
INFO: [Vivado 12-5682] Launching behavioral simulation in 'E:/CMPEN 331 Vivado Lab/331_Lab3/331_lab3_yubo/331_lab3_yubo.sim/sim_1/behav/xsim'
INFO: [SIM-utils-51] Simulation object is 'sim_1'
INFO: [SIM-utils-54] Inspecting design source files for 'testbench' in fileset 'sim_1'...
INFO: [USF-XSim-97] Finding global include files...
INFO: [USF-XSim-98] Fetching design files from 'sim_1'...
INFO: [USF-XSim-2] XSim::Compile design
INFO: [USF-XSim-61] Executing 'COMPILE and ANALYZE' step in 'E:/CMPEN 331 Vivado Lab/331_Lab3/331_lab3_yubo/331_lab3_yubo.sim/sim_1/behav/xsim'
"xvlog --incr --relax -prj testbench_vlog.prj"
INFO: [VRFC 10-2263] Analyzing Verilog file "E:/CMPEN 331 Vivado Lab/331_Lab3/331_lab3_yubo/331_lab3_yubo.srcs/sources_1/new/Control_Unit.v" into library xil_defaultlib
INFO: [VRFC 10-311] analyzing module Control_Unit
INFO: [VRFC 10-2263] Analyzing Verilog file "E:/CMPEN 331 Vivado Lab/331_Lab3/331_lab3_yubo/331_lab3_yubo.srcs/sources_1/new/IDEXE_Pipeline_Register.v" into library xil_defaultlib
INFO: [VRFC 10-311] analyzing module IDEXE_Pipeline_Register
INFO: [VRFC 10-2263] Analyzing Verilog file "E:/CMPEN 331 Vivado Lab/331_Lab3/331_lab3_yubo/331_lab3_yubo.srcs/sources_1/new/IFID_IDEXE_Module.v" into library xil_defaultlib
INFO: [VRFC 10-311] analyzing module IFID_IDEXE_Module
INFO: [VRFC 10-2263] Analyzing Verilog file "E:/CMPEN 331 Vivado Lab/331_Lab3/331_lab3_yubo/331_lab3_yubo.srcs/sources_1/new/IFID_Pipeline_Register.v" into library xil_defaultlib
INFO: [VRFC 10-311] analyzing module IFID_Pipeline_Register
INFO: [VRFC 10-2263] Analyzing Verilog file "E:/CMPEN 331 Vivado Lab/331_Lab3/331_lab3_yubo/331_lab3_yubo.srcs/sources_1/new/IM.v" into library xil_defaultlib
INFO: [VRFC 10-311] analyzing module IM
INFO: [VRFC 10-2263] Analyzing Verilog file "E:/CMPEN 331 Vivado Lab/331_Lab3/331_lab3_yubo/331_lab3_yubo.srcs/sources_1/new/PC.v" into library xil_defaultlib
INFO: [VRFC 10-311] analyzing module PC
INFO: [VRFC 10-2263] Analyzing Verilog file "E:/CMPEN 331 Vivado Lab/331_Lab3/331_lab3_yubo/331_lab3_yubo.srcs/sources_1/new/Pc_Adder.v" into library xil_defaultlib
INFO: [VRFC 10-311] analyzing module Pc_Adder
INFO: [VRFC 10-2263] Analyzing Verilog file "E:/CMPEN 331 Vivado Lab/331_Lab3/331_lab3_yubo/331_lab3_yubo.srcs/sources_1/new/Register_File.v" into library xil_defaultlib
INFO: [VRFC 10-311] analyzing module Register_File
INFO: [VRFC 10-2263] Analyzing Verilog file "E:/CMPEN 331 Vivado Lab/331_Lab3/331_lab3_yubo/331_lab3_yubo.srcs/sources_1/new/imm_Extender.v" into library xil_defaultlib
INFO: [VRFC 10-311] analyzing module imm_Extender
INFO: [VRFC 10-2263] Analyzing Verilog file "E:/CMPEN 331 Vivado Lab/331_Lab3/331_lab3_yubo/331_lab3_yubo.srcs/sources_1/new/regDst_mux.v" into library xil_defaultlib
INFO: [VRFC 10-311] analyzing module regDst_mux
INFO: [VRFC 10-2263] Analyzing Verilog file "E:/CMPEN 331 Vivado Lab/331_Lab3/331_lab3_yubo/331_lab3_yubo.srcs/sim_1/new/testbench.v" into library xil_defaultlib
INFO: [VRFC 10-311] analyzing module testbench
INFO: [USF-XSim-69] 'compile' step finished in '1' seconds
INFO: [USF-XSim-3] XSim::Elaborate design
INFO: [USF-XSim-61] Executing 'ELABORATE' step in 'E:/CMPEN 331 Vivado Lab/331_Lab3/331_lab3_yubo/331_lab3_yubo.sim/sim_1/behav/xsim'
"xelab -wto 69da72b6fbdc4a6f868972bcd3078928 --incr --debug typical --relax --mt 2 -L xil_defaultlib -L unisims_ver -L unimacro_ver -L secureip --snapshot testbench_behav xil_defaultlib.testbench xil_defaultlib.glbl -log elaborate.log"
Vivado Simulator 2019.1
Copyright 1986-1999, 2001-2019 Xilinx, Inc. All Rights Reserved.
Running: C:/Xilinx/Vivado/2019.1/bin/unwrapped/win64.o/xelab.exe -wto 69da72b6fbdc4a6f868972bcd3078928 --incr --debug typical --relax --mt 2 -L xil_defaultlib -L unisims_ver -L unimacro_ver -L secureip --snapshot testbench_behav xil_defaultlib.testbench xil_defaultlib.glbl -log elaborate.log 
Using 2 slave threads.
Starting static elaboration
WARNING: [VRFC 10-3091] actual bit length 4 differs from formal bit length 1 for port 'eMemWrite' [E:/CMPEN 331 Vivado Lab/331_Lab3/331_lab3_yubo/331_lab3_yubo.srcs/sources_1/new/IFID_IDEXE_Module.v:33]
Completed static elaboration
Starting simulation data flow analysis
Completed simulation data flow analysis
Time Resolution for simulation is 1ps
Compiling module xil_defaultlib.PC
Compiling module xil_defaultlib.IM
Compiling module xil_defaultlib.Pc_Adder
Compiling module xil_defaultlib.IFID_Pipeline_Register
Compiling module xil_defaultlib.Control_Unit
Compiling module xil_defaultlib.regDst_mux
Compiling module xil_defaultlib.Register_File
Compiling module xil_defaultlib.imm_Extender
Compiling module xil_defaultlib.IDEXE_Pipeline_Register
Compiling module xil_defaultlib.IFID_IDEXE_Module
Compiling module xil_defaultlib.testbench
Compiling module xil_defaultlib.glbl
Built simulation snapshot testbench_behav
INFO: [USF-XSim-69] 'elaborate' step finished in '2' seconds
INFO: [USF-XSim-4] XSim::Simulate design
INFO: [USF-XSim-61] Executing 'SIMULATE' step in 'E:/CMPEN 331 Vivado Lab/331_Lab3/331_lab3_yubo/331_lab3_yubo.sim/sim_1/behav/xsim'
INFO: [USF-XSim-98] *** Running xsim
   with args "testbench_behav -key {Behavioral:sim_1:Functional:testbench} -tclbatch {testbench.tcl} -log {simulate.log}"
INFO: [USF-XSim-8] Loading simulator feature
Vivado Simulator 2019.1
Time resolution is 1 ps
source testbench.tcl
# set curr_wave [current_wave_config]
# if { [string length $curr_wave] == 0 } {
#   if { [llength [get_objects]] > 0} {
#     add_wave /
#     set_property needs_save false [current_wave_config]
#   } else {
#      send_msg_id Add_Wave-1 WARNING "No top level signals found. Simulator will start without a wave window. If you want to open a wave window go to 'File->New Waveform Configuration' or type 'create_wave_config' in the TCL console."
#   }
# }
# run 1000ns
INFO: [USF-XSim-96] XSim completed. Design snapshot 'testbench_behav' loaded.
INFO: [USF-XSim-97] XSim simulation ran for 1000ns
launch_simulation: Time (s): cpu = 00:00:09 ; elapsed = 00:00:07 . Memory (MB): peak = 788.926 ; gain = 37.512
close_sim
INFO: [Simtcl 6-16] Simulation closed
launch_simulation
INFO: [Vivado 12-5682] Launching behavioral simulation in 'E:/CMPEN 331 Vivado Lab/331_Lab3/331_lab3_yubo/331_lab3_yubo.sim/sim_1/behav/xsim'
INFO: [SIM-utils-51] Simulation object is 'sim_1'
INFO: [SIM-utils-54] Inspecting design source files for 'testbench' in fileset 'sim_1'...
INFO: [USF-XSim-97] Finding global include files...
INFO: [USF-XSim-98] Fetching design files from 'sim_1'...
INFO: [USF-XSim-2] XSim::Compile design
INFO: [USF-XSim-61] Executing 'COMPILE and ANALYZE' step in 'E:/CMPEN 331 Vivado Lab/331_Lab3/331_lab3_yubo/331_lab3_yubo.sim/sim_1/behav/xsim'
"xvlog --incr --relax -prj testbench_vlog.prj"
INFO: [VRFC 10-2263] Analyzing Verilog file "E:/CMPEN 331 Vivado Lab/331_Lab3/331_lab3_yubo/331_lab3_yubo.srcs/sources_1/new/Control_Unit.v" into library xil_defaultlib
INFO: [VRFC 10-311] analyzing module Control_Unit
INFO: [VRFC 10-2263] Analyzing Verilog file "E:/CMPEN 331 Vivado Lab/331_Lab3/331_lab3_yubo/331_lab3_yubo.srcs/sources_1/new/IDEXE_Pipeline_Register.v" into library xil_defaultlib
INFO: [VRFC 10-311] analyzing module IDEXE_Pipeline_Register
INFO: [VRFC 10-2263] Analyzing Verilog file "E:/CMPEN 331 Vivado Lab/331_Lab3/331_lab3_yubo/331_lab3_yubo.srcs/sources_1/new/IFID_IDEXE_Module.v" into library xil_defaultlib
INFO: [VRFC 10-311] analyzing module IFID_IDEXE_Module
INFO: [VRFC 10-2263] Analyzing Verilog file "E:/CMPEN 331 Vivado Lab/331_Lab3/331_lab3_yubo/331_lab3_yubo.srcs/sources_1/new/IFID_Pipeline_Register.v" into library xil_defaultlib
INFO: [VRFC 10-311] analyzing module IFID_Pipeline_Register
INFO: [VRFC 10-2263] Analyzing Verilog file "E:/CMPEN 331 Vivado Lab/331_Lab3/331_lab3_yubo/331_lab3_yubo.srcs/sources_1/new/IM.v" into library xil_defaultlib
INFO: [VRFC 10-311] analyzing module IM
INFO: [VRFC 10-2263] Analyzing Verilog file "E:/CMPEN 331 Vivado Lab/331_Lab3/331_lab3_yubo/331_lab3_yubo.srcs/sources_1/new/PC.v" into library xil_defaultlib
INFO: [VRFC 10-311] analyzing module PC
INFO: [VRFC 10-2263] Analyzing Verilog file "E:/CMPEN 331 Vivado Lab/331_Lab3/331_lab3_yubo/331_lab3_yubo.srcs/sources_1/new/Pc_Adder.v" into library xil_defaultlib
INFO: [VRFC 10-311] analyzing module Pc_Adder
INFO: [VRFC 10-2263] Analyzing Verilog file "E:/CMPEN 331 Vivado Lab/331_Lab3/331_lab3_yubo/331_lab3_yubo.srcs/sources_1/new/Register_File.v" into library xil_defaultlib
INFO: [VRFC 10-311] analyzing module Register_File
INFO: [VRFC 10-2263] Analyzing Verilog file "E:/CMPEN 331 Vivado Lab/331_Lab3/331_lab3_yubo/331_lab3_yubo.srcs/sources_1/new/imm_Extender.v" into library xil_defaultlib
INFO: [VRFC 10-311] analyzing module imm_Extender
INFO: [VRFC 10-2263] Analyzing Verilog file "E:/CMPEN 331 Vivado Lab/331_Lab3/331_lab3_yubo/331_lab3_yubo.srcs/sources_1/new/regDst_mux.v" into library xil_defaultlib
INFO: [VRFC 10-311] analyzing module regDst_mux
INFO: [VRFC 10-2263] Analyzing Verilog file "E:/CMPEN 331 Vivado Lab/331_Lab3/331_lab3_yubo/331_lab3_yubo.srcs/sim_1/new/testbench.v" into library xil_defaultlib
INFO: [VRFC 10-311] analyzing module testbench
INFO: [USF-XSim-69] 'compile' step finished in '1' seconds
INFO: [USF-XSim-3] XSim::Elaborate design
INFO: [USF-XSim-61] Executing 'ELABORATE' step in 'E:/CMPEN 331 Vivado Lab/331_Lab3/331_lab3_yubo/331_lab3_yubo.sim/sim_1/behav/xsim'
"xelab -wto 69da72b6fbdc4a6f868972bcd3078928 --incr --debug typical --relax --mt 2 -L xil_defaultlib -L unisims_ver -L unimacro_ver -L secureip --snapshot testbench_behav xil_defaultlib.testbench xil_defaultlib.glbl -log elaborate.log"
Vivado Simulator 2019.1
Copyright 1986-1999, 2001-2019 Xilinx, Inc. All Rights Reserved.
Running: C:/Xilinx/Vivado/2019.1/bin/unwrapped/win64.o/xelab.exe -wto 69da72b6fbdc4a6f868972bcd3078928 --incr --debug typical --relax --mt 2 -L xil_defaultlib -L unisims_ver -L unimacro_ver -L secureip --snapshot testbench_behav xil_defaultlib.testbench xil_defaultlib.glbl -log elaborate.log 
Using 2 slave threads.
Starting static elaboration
WARNING: [VRFC 10-3091] actual bit length 4 differs from formal bit length 1 for port 'eMemWrite' [E:/CMPEN 331 Vivado Lab/331_Lab3/331_lab3_yubo/331_lab3_yubo.srcs/sources_1/new/IFID_IDEXE_Module.v:33]
Completed static elaboration
Starting simulation data flow analysis
Completed simulation data flow analysis
Time Resolution for simulation is 1ps
Compiling module xil_defaultlib.PC
Compiling module xil_defaultlib.IM
Compiling module xil_defaultlib.Pc_Adder
Compiling module xil_defaultlib.IFID_Pipeline_Register
Compiling module xil_defaultlib.Control_Unit
Compiling module xil_defaultlib.regDst_mux
Compiling module xil_defaultlib.Register_File
Compiling module xil_defaultlib.imm_Extender
Compiling module xil_defaultlib.IDEXE_Pipeline_Register
Compiling module xil_defaultlib.IFID_IDEXE_Module
Compiling module xil_defaultlib.testbench
Compiling module xil_defaultlib.glbl
Built simulation snapshot testbench_behav
INFO: [USF-XSim-69] 'elaborate' step finished in '2' seconds
INFO: [USF-XSim-4] XSim::Simulate design
INFO: [USF-XSim-61] Executing 'SIMULATE' step in 'E:/CMPEN 331 Vivado Lab/331_Lab3/331_lab3_yubo/331_lab3_yubo.sim/sim_1/behav/xsim'
INFO: [USF-XSim-98] *** Running xsim
   with args "testbench_behav -key {Behavioral:sim_1:Functional:testbench} -tclbatch {testbench.tcl} -log {simulate.log}"
INFO: [USF-XSim-8] Loading simulator feature
Vivado Simulator 2019.1
Time resolution is 1 ps
source testbench.tcl
# set curr_wave [current_wave_config]
# if { [string length $curr_wave] == 0 } {
#   if { [llength [get_objects]] > 0} {
#     add_wave /
#     set_property needs_save false [current_wave_config]
#   } else {
#      send_msg_id Add_Wave-1 WARNING "No top level signals found. Simulator will start without a wave window. If you want to open a wave window go to 'File->New Waveform Configuration' or type 'create_wave_config' in the TCL console."
#   }
# }
# run 1000ns
INFO: [USF-XSim-96] XSim completed. Design snapshot 'testbench_behav' loaded.
INFO: [USF-XSim-97] XSim simulation ran for 1000ns
launch_simulation: Time (s): cpu = 00:00:04 ; elapsed = 00:00:06 . Memory (MB): peak = 788.926 ; gain = 0.000
close_sim
INFO: [Simtcl 6-16] Simulation closed
launch_simulation
INFO: [Vivado 12-5682] Launching behavioral simulation in 'E:/CMPEN 331 Vivado Lab/331_Lab3/331_lab3_yubo/331_lab3_yubo.sim/sim_1/behav/xsim'
INFO: [SIM-utils-51] Simulation object is 'sim_1'
INFO: [SIM-utils-54] Inspecting design source files for 'testbench' in fileset 'sim_1'...
INFO: [USF-XSim-97] Finding global include files...
INFO: [USF-XSim-98] Fetching design files from 'sim_1'...
INFO: [USF-XSim-2] XSim::Compile design
INFO: [USF-XSim-61] Executing 'COMPILE and ANALYZE' step in 'E:/CMPEN 331 Vivado Lab/331_Lab3/331_lab3_yubo/331_lab3_yubo.sim/sim_1/behav/xsim'
"xvlog --incr --relax -prj testbench_vlog.prj"
INFO: [VRFC 10-2263] Analyzing Verilog file "E:/CMPEN 331 Vivado Lab/331_Lab3/331_lab3_yubo/331_lab3_yubo.srcs/sources_1/new/Control_Unit.v" into library xil_defaultlib
INFO: [VRFC 10-311] analyzing module Control_Unit
INFO: [VRFC 10-2263] Analyzing Verilog file "E:/CMPEN 331 Vivado Lab/331_Lab3/331_lab3_yubo/331_lab3_yubo.srcs/sources_1/new/IDEXE_Pipeline_Register.v" into library xil_defaultlib
INFO: [VRFC 10-311] analyzing module IDEXE_Pipeline_Register
INFO: [VRFC 10-2263] Analyzing Verilog file "E:/CMPEN 331 Vivado Lab/331_Lab3/331_lab3_yubo/331_lab3_yubo.srcs/sources_1/new/IFID_IDEXE_Module.v" into library xil_defaultlib
INFO: [VRFC 10-311] analyzing module IFID_IDEXE_Module
INFO: [VRFC 10-2263] Analyzing Verilog file "E:/CMPEN 331 Vivado Lab/331_Lab3/331_lab3_yubo/331_lab3_yubo.srcs/sources_1/new/IFID_Pipeline_Register.v" into library xil_defaultlib
INFO: [VRFC 10-311] analyzing module IFID_Pipeline_Register
INFO: [VRFC 10-2263] Analyzing Verilog file "E:/CMPEN 331 Vivado Lab/331_Lab3/331_lab3_yubo/331_lab3_yubo.srcs/sources_1/new/IM.v" into library xil_defaultlib
INFO: [VRFC 10-311] analyzing module IM
INFO: [VRFC 10-2263] Analyzing Verilog file "E:/CMPEN 331 Vivado Lab/331_Lab3/331_lab3_yubo/331_lab3_yubo.srcs/sources_1/new/PC.v" into library xil_defaultlib
INFO: [VRFC 10-311] analyzing module PC
INFO: [VRFC 10-2263] Analyzing Verilog file "E:/CMPEN 331 Vivado Lab/331_Lab3/331_lab3_yubo/331_lab3_yubo.srcs/sources_1/new/Pc_Adder.v" into library xil_defaultlib
INFO: [VRFC 10-311] analyzing module Pc_Adder
INFO: [VRFC 10-2263] Analyzing Verilog file "E:/CMPEN 331 Vivado Lab/331_Lab3/331_lab3_yubo/331_lab3_yubo.srcs/sources_1/new/Register_File.v" into library xil_defaultlib
INFO: [VRFC 10-311] analyzing module Register_File
INFO: [VRFC 10-2263] Analyzing Verilog file "E:/CMPEN 331 Vivado Lab/331_Lab3/331_lab3_yubo/331_lab3_yubo.srcs/sources_1/new/imm_Extender.v" into library xil_defaultlib
INFO: [VRFC 10-311] analyzing module imm_Extender
INFO: [VRFC 10-2263] Analyzing Verilog file "E:/CMPEN 331 Vivado Lab/331_Lab3/331_lab3_yubo/331_lab3_yubo.srcs/sources_1/new/regDst_mux.v" into library xil_defaultlib
INFO: [VRFC 10-311] analyzing module regDst_mux
INFO: [VRFC 10-2263] Analyzing Verilog file "E:/CMPEN 331 Vivado Lab/331_Lab3/331_lab3_yubo/331_lab3_yubo.srcs/sim_1/new/testbench.v" into library xil_defaultlib
INFO: [VRFC 10-311] analyzing module testbench
INFO: [USF-XSim-69] 'compile' step finished in '2' seconds
INFO: [USF-XSim-3] XSim::Elaborate design
INFO: [USF-XSim-61] Executing 'ELABORATE' step in 'E:/CMPEN 331 Vivado Lab/331_Lab3/331_lab3_yubo/331_lab3_yubo.sim/sim_1/behav/xsim'
"xelab -wto 69da72b6fbdc4a6f868972bcd3078928 --incr --debug typical --relax --mt 2 -L xil_defaultlib -L unisims_ver -L unimacro_ver -L secureip --snapshot testbench_behav xil_defaultlib.testbench xil_defaultlib.glbl -log elaborate.log"
Vivado Simulator 2019.1
Copyright 1986-1999, 2001-2019 Xilinx, Inc. All Rights Reserved.
Running: C:/Xilinx/Vivado/2019.1/bin/unwrapped/win64.o/xelab.exe -wto 69da72b6fbdc4a6f868972bcd3078928 --incr --debug typical --relax --mt 2 -L xil_defaultlib -L unisims_ver -L unimacro_ver -L secureip --snapshot testbench_behav xil_defaultlib.testbench xil_defaultlib.glbl -log elaborate.log 
Using 2 slave threads.
Starting static elaboration
Completed static elaboration
Starting simulation data flow analysis
Completed simulation data flow analysis
Time Resolution for simulation is 1ps
Compiling module xil_defaultlib.PC
Compiling module xil_defaultlib.IM
Compiling module xil_defaultlib.Pc_Adder
Compiling module xil_defaultlib.IFID_Pipeline_Register
Compiling module xil_defaultlib.Control_Unit
Compiling module xil_defaultlib.regDst_mux
Compiling module xil_defaultlib.Register_File
Compiling module xil_defaultlib.imm_Extender
Compiling module xil_defaultlib.IDEXE_Pipeline_Register
Compiling module xil_defaultlib.IFID_IDEXE_Module
Compiling module xil_defaultlib.testbench
Compiling module xil_defaultlib.glbl
Built simulation snapshot testbench_behav
INFO: [USF-XSim-69] 'elaborate' step finished in '2' seconds
INFO: [USF-XSim-4] XSim::Simulate design
INFO: [USF-XSim-61] Executing 'SIMULATE' step in 'E:/CMPEN 331 Vivado Lab/331_Lab3/331_lab3_yubo/331_lab3_yubo.sim/sim_1/behav/xsim'
INFO: [USF-XSim-98] *** Running xsim
   with args "testbench_behav -key {Behavioral:sim_1:Functional:testbench} -tclbatch {testbench.tcl} -log {simulate.log}"
INFO: [USF-XSim-8] Loading simulator feature
Vivado Simulator 2019.1
Time resolution is 1 ps
source testbench.tcl
# set curr_wave [current_wave_config]
# if { [string length $curr_wave] == 0 } {
#   if { [llength [get_objects]] > 0} {
#     add_wave /
#     set_property needs_save false [current_wave_config]
#   } else {
#      send_msg_id Add_Wave-1 WARNING "No top level signals found. Simulator will start without a wave window. If you want to open a wave window go to 'File->New Waveform Configuration' or type 'create_wave_config' in the TCL console."
#   }
# }
# run 1000ns
INFO: [USF-XSim-96] XSim completed. Design snapshot 'testbench_behav' loaded.
INFO: [USF-XSim-97] XSim simulation ran for 1000ns
launch_simulation: Time (s): cpu = 00:00:04 ; elapsed = 00:00:07 . Memory (MB): peak = 822.504 ; gain = 8.406
current_wave_config {Untitled 3}
Untitled 3
add_wave {{/testbench/IFID_IDEXE_Module_tb}} 
close_sim
INFO: [Simtcl 6-16] Simulation closed
launch_simulation
INFO: [Vivado 12-5682] Launching behavioral simulation in 'E:/CMPEN 331 Vivado Lab/331_Lab3/331_lab3_yubo/331_lab3_yubo.sim/sim_1/behav/xsim'
INFO: [SIM-utils-51] Simulation object is 'sim_1'
INFO: [SIM-utils-54] Inspecting design source files for 'testbench' in fileset 'sim_1'...
INFO: [USF-XSim-97] Finding global include files...
INFO: [USF-XSim-98] Fetching design files from 'sim_1'...
INFO: [USF-XSim-2] XSim::Compile design
INFO: [USF-XSim-61] Executing 'COMPILE and ANALYZE' step in 'E:/CMPEN 331 Vivado Lab/331_Lab3/331_lab3_yubo/331_lab3_yubo.sim/sim_1/behav/xsim'
"xvlog --incr --relax -prj testbench_vlog.prj"
INFO: [VRFC 10-2263] Analyzing Verilog file "E:/CMPEN 331 Vivado Lab/331_Lab3/331_lab3_yubo/331_lab3_yubo.srcs/sources_1/new/Control_Unit.v" into library xil_defaultlib
INFO: [VRFC 10-311] analyzing module Control_Unit
INFO: [VRFC 10-2263] Analyzing Verilog file "E:/CMPEN 331 Vivado Lab/331_Lab3/331_lab3_yubo/331_lab3_yubo.srcs/sources_1/new/IDEXE_Pipeline_Register.v" into library xil_defaultlib
INFO: [VRFC 10-311] analyzing module IDEXE_Pipeline_Register
INFO: [VRFC 10-2263] Analyzing Verilog file "E:/CMPEN 331 Vivado Lab/331_Lab3/331_lab3_yubo/331_lab3_yubo.srcs/sources_1/new/IFID_IDEXE_Module.v" into library xil_defaultlib
INFO: [VRFC 10-311] analyzing module IFID_IDEXE_Module
INFO: [VRFC 10-2263] Analyzing Verilog file "E:/CMPEN 331 Vivado Lab/331_Lab3/331_lab3_yubo/331_lab3_yubo.srcs/sources_1/new/IFID_Pipeline_Register.v" into library xil_defaultlib
INFO: [VRFC 10-311] analyzing module IFID_Pipeline_Register
INFO: [VRFC 10-2263] Analyzing Verilog file "E:/CMPEN 331 Vivado Lab/331_Lab3/331_lab3_yubo/331_lab3_yubo.srcs/sources_1/new/IM.v" into library xil_defaultlib
INFO: [VRFC 10-311] analyzing module IM
INFO: [VRFC 10-2263] Analyzing Verilog file "E:/CMPEN 331 Vivado Lab/331_Lab3/331_lab3_yubo/331_lab3_yubo.srcs/sources_1/new/PC.v" into library xil_defaultlib
INFO: [VRFC 10-311] analyzing module PC
INFO: [VRFC 10-2263] Analyzing Verilog file "E:/CMPEN 331 Vivado Lab/331_Lab3/331_lab3_yubo/331_lab3_yubo.srcs/sources_1/new/Pc_Adder.v" into library xil_defaultlib
INFO: [VRFC 10-311] analyzing module Pc_Adder
INFO: [VRFC 10-2263] Analyzing Verilog file "E:/CMPEN 331 Vivado Lab/331_Lab3/331_lab3_yubo/331_lab3_yubo.srcs/sources_1/new/Register_File.v" into library xil_defaultlib
INFO: [VRFC 10-311] analyzing module Register_File
INFO: [VRFC 10-2263] Analyzing Verilog file "E:/CMPEN 331 Vivado Lab/331_Lab3/331_lab3_yubo/331_lab3_yubo.srcs/sources_1/new/imm_Extender.v" into library xil_defaultlib
INFO: [VRFC 10-311] analyzing module imm_Extender
INFO: [VRFC 10-2263] Analyzing Verilog file "E:/CMPEN 331 Vivado Lab/331_Lab3/331_lab3_yubo/331_lab3_yubo.srcs/sources_1/new/regDst_mux.v" into library xil_defaultlib
INFO: [VRFC 10-311] analyzing module regDst_mux
INFO: [VRFC 10-2263] Analyzing Verilog file "E:/CMPEN 331 Vivado Lab/331_Lab3/331_lab3_yubo/331_lab3_yubo.srcs/sim_1/new/testbench.v" into library xil_defaultlib
INFO: [VRFC 10-311] analyzing module testbench
INFO: [USF-XSim-69] 'compile' step finished in '1' seconds
INFO: [USF-XSim-3] XSim::Elaborate design
INFO: [USF-XSim-61] Executing 'ELABORATE' step in 'E:/CMPEN 331 Vivado Lab/331_Lab3/331_lab3_yubo/331_lab3_yubo.sim/sim_1/behav/xsim'
"xelab -wto 69da72b6fbdc4a6f868972bcd3078928 --incr --debug typical --relax --mt 2 -L xil_defaultlib -L unisims_ver -L unimacro_ver -L secureip --snapshot testbench_behav xil_defaultlib.testbench xil_defaultlib.glbl -log elaborate.log"
Vivado Simulator 2019.1
Copyright 1986-1999, 2001-2019 Xilinx, Inc. All Rights Reserved.
Running: C:/Xilinx/Vivado/2019.1/bin/unwrapped/win64.o/xelab.exe -wto 69da72b6fbdc4a6f868972bcd3078928 --incr --debug typical --relax --mt 2 -L xil_defaultlib -L unisims_ver -L unimacro_ver -L secureip --snapshot testbench_behav xil_defaultlib.testbench xil_defaultlib.glbl -log elaborate.log 
Using 2 slave threads.
Starting static elaboration
Completed static elaboration
Starting simulation data flow analysis
Completed simulation data flow analysis
Time Resolution for simulation is 1ps
Compiling module xil_defaultlib.PC
Compiling module xil_defaultlib.IM
Compiling module xil_defaultlib.Pc_Adder
Compiling module xil_defaultlib.IFID_Pipeline_Register
Compiling module xil_defaultlib.Control_Unit
Compiling module xil_defaultlib.regDst_mux
Compiling module xil_defaultlib.Register_File
Compiling module xil_defaultlib.imm_Extender
Compiling module xil_defaultlib.IDEXE_Pipeline_Register
Compiling module xil_defaultlib.IFID_IDEXE_Module
Compiling module xil_defaultlib.testbench
Compiling module xil_defaultlib.glbl
Built simulation snapshot testbench_behav
INFO: [USF-XSim-69] 'elaborate' step finished in '2' seconds
INFO: [USF-XSim-4] XSim::Simulate design
INFO: [USF-XSim-61] Executing 'SIMULATE' step in 'E:/CMPEN 331 Vivado Lab/331_Lab3/331_lab3_yubo/331_lab3_yubo.sim/sim_1/behav/xsim'
INFO: [USF-XSim-98] *** Running xsim
   with args "testbench_behav -key {Behavioral:sim_1:Functional:testbench} -tclbatch {testbench.tcl} -log {simulate.log}"
INFO: [USF-XSim-8] Loading simulator feature
Vivado Simulator 2019.1
Time resolution is 1 ps
source testbench.tcl
# set curr_wave [current_wave_config]
# if { [string length $curr_wave] == 0 } {
#   if { [llength [get_objects]] > 0} {
#     add_wave /
#     set_property needs_save false [current_wave_config]
#   } else {
#      send_msg_id Add_Wave-1 WARNING "No top level signals found. Simulator will start without a wave window. If you want to open a wave window go to 'File->New Waveform Configuration' or type 'create_wave_config' in the TCL console."
#   }
# }
# run 1000ns
INFO: [USF-XSim-96] XSim completed. Design snapshot 'testbench_behav' loaded.
INFO: [USF-XSim-97] XSim simulation ran for 1000ns
launch_simulation: Time (s): cpu = 00:00:04 ; elapsed = 00:00:06 . Memory (MB): peak = 843.957 ; gain = 17.547
close_sim
INFO: [Simtcl 6-16] Simulation closed
launch_simulation
INFO: [Vivado 12-5682] Launching behavioral simulation in 'E:/CMPEN 331 Vivado Lab/331_Lab3/331_lab3_yubo/331_lab3_yubo.sim/sim_1/behav/xsim'
INFO: [SIM-utils-51] Simulation object is 'sim_1'
INFO: [SIM-utils-54] Inspecting design source files for 'testbench' in fileset 'sim_1'...
INFO: [USF-XSim-97] Finding global include files...
INFO: [USF-XSim-98] Fetching design files from 'sim_1'...
INFO: [USF-XSim-2] XSim::Compile design
INFO: [USF-XSim-61] Executing 'COMPILE and ANALYZE' step in 'E:/CMPEN 331 Vivado Lab/331_Lab3/331_lab3_yubo/331_lab3_yubo.sim/sim_1/behav/xsim'
"xvlog --incr --relax -prj testbench_vlog.prj"
INFO: [VRFC 10-2263] Analyzing Verilog file "E:/CMPEN 331 Vivado Lab/331_Lab3/331_lab3_yubo/331_lab3_yubo.srcs/sources_1/new/Control_Unit.v" into library xil_defaultlib
INFO: [VRFC 10-311] analyzing module Control_Unit
INFO: [VRFC 10-2263] Analyzing Verilog file "E:/CMPEN 331 Vivado Lab/331_Lab3/331_lab3_yubo/331_lab3_yubo.srcs/sources_1/new/IDEXE_Pipeline_Register.v" into library xil_defaultlib
INFO: [VRFC 10-311] analyzing module IDEXE_Pipeline_Register
INFO: [VRFC 10-2263] Analyzing Verilog file "E:/CMPEN 331 Vivado Lab/331_Lab3/331_lab3_yubo/331_lab3_yubo.srcs/sources_1/new/IFID_IDEXE_Module.v" into library xil_defaultlib
INFO: [VRFC 10-311] analyzing module IFID_IDEXE_Module
INFO: [VRFC 10-2263] Analyzing Verilog file "E:/CMPEN 331 Vivado Lab/331_Lab3/331_lab3_yubo/331_lab3_yubo.srcs/sources_1/new/IFID_Pipeline_Register.v" into library xil_defaultlib
INFO: [VRFC 10-311] analyzing module IFID_Pipeline_Register
INFO: [VRFC 10-2263] Analyzing Verilog file "E:/CMPEN 331 Vivado Lab/331_Lab3/331_lab3_yubo/331_lab3_yubo.srcs/sources_1/new/IM.v" into library xil_defaultlib
INFO: [VRFC 10-311] analyzing module IM
INFO: [VRFC 10-2263] Analyzing Verilog file "E:/CMPEN 331 Vivado Lab/331_Lab3/331_lab3_yubo/331_lab3_yubo.srcs/sources_1/new/PC.v" into library xil_defaultlib
INFO: [VRFC 10-311] analyzing module PC
INFO: [VRFC 10-2263] Analyzing Verilog file "E:/CMPEN 331 Vivado Lab/331_Lab3/331_lab3_yubo/331_lab3_yubo.srcs/sources_1/new/Pc_Adder.v" into library xil_defaultlib
INFO: [VRFC 10-311] analyzing module Pc_Adder
INFO: [VRFC 10-2263] Analyzing Verilog file "E:/CMPEN 331 Vivado Lab/331_Lab3/331_lab3_yubo/331_lab3_yubo.srcs/sources_1/new/Register_File.v" into library xil_defaultlib
INFO: [VRFC 10-311] analyzing module Register_File
INFO: [VRFC 10-2263] Analyzing Verilog file "E:/CMPEN 331 Vivado Lab/331_Lab3/331_lab3_yubo/331_lab3_yubo.srcs/sources_1/new/imm_Extender.v" into library xil_defaultlib
INFO: [VRFC 10-311] analyzing module imm_Extender
INFO: [VRFC 10-2263] Analyzing Verilog file "E:/CMPEN 331 Vivado Lab/331_Lab3/331_lab3_yubo/331_lab3_yubo.srcs/sources_1/new/regDst_mux.v" into library xil_defaultlib
INFO: [VRFC 10-311] analyzing module regDst_mux
INFO: [VRFC 10-2263] Analyzing Verilog file "E:/CMPEN 331 Vivado Lab/331_Lab3/331_lab3_yubo/331_lab3_yubo.srcs/sim_1/new/testbench.v" into library xil_defaultlib
INFO: [VRFC 10-311] analyzing module testbench
INFO: [USF-XSim-69] 'compile' step finished in '1' seconds
INFO: [USF-XSim-3] XSim::Elaborate design
INFO: [USF-XSim-61] Executing 'ELABORATE' step in 'E:/CMPEN 331 Vivado Lab/331_Lab3/331_lab3_yubo/331_lab3_yubo.sim/sim_1/behav/xsim'
"xelab -wto 69da72b6fbdc4a6f868972bcd3078928 --incr --debug typical --relax --mt 2 -L xil_defaultlib -L unisims_ver -L unimacro_ver -L secureip --snapshot testbench_behav xil_defaultlib.testbench xil_defaultlib.glbl -log elaborate.log"
Vivado Simulator 2019.1
Copyright 1986-1999, 2001-2019 Xilinx, Inc. All Rights Reserved.
Running: C:/Xilinx/Vivado/2019.1/bin/unwrapped/win64.o/xelab.exe -wto 69da72b6fbdc4a6f868972bcd3078928 --incr --debug typical --relax --mt 2 -L xil_defaultlib -L unisims_ver -L unimacro_ver -L secureip --snapshot testbench_behav xil_defaultlib.testbench xil_defaultlib.glbl -log elaborate.log 
Using 2 slave threads.
Starting static elaboration
Completed static elaboration
Starting simulation data flow analysis
Completed simulation data flow analysis
Time Resolution for simulation is 1ps
Compiling module xil_defaultlib.PC
Compiling module xil_defaultlib.IM
Compiling module xil_defaultlib.Pc_Adder
Compiling module xil_defaultlib.IFID_Pipeline_Register
Compiling module xil_defaultlib.Control_Unit
Compiling module xil_defaultlib.regDst_mux
Compiling module xil_defaultlib.Register_File
Compiling module xil_defaultlib.imm_Extender
Compiling module xil_defaultlib.IDEXE_Pipeline_Register
Compiling module xil_defaultlib.IFID_IDEXE_Module
Compiling module xil_defaultlib.testbench
Compiling module xil_defaultlib.glbl
Built simulation snapshot testbench_behav
INFO: [USF-XSim-69] 'elaborate' step finished in '2' seconds
INFO: [USF-XSim-4] XSim::Simulate design
INFO: [USF-XSim-61] Executing 'SIMULATE' step in 'E:/CMPEN 331 Vivado Lab/331_Lab3/331_lab3_yubo/331_lab3_yubo.sim/sim_1/behav/xsim'
INFO: [USF-XSim-98] *** Running xsim
   with args "testbench_behav -key {Behavioral:sim_1:Functional:testbench} -tclbatch {testbench.tcl} -log {simulate.log}"
INFO: [USF-XSim-8] Loading simulator feature
Vivado Simulator 2019.1
Time resolution is 1 ps
source testbench.tcl
# set curr_wave [current_wave_config]
# if { [string length $curr_wave] == 0 } {
#   if { [llength [get_objects]] > 0} {
#     add_wave /
#     set_property needs_save false [current_wave_config]
#   } else {
#      send_msg_id Add_Wave-1 WARNING "No top level signals found. Simulator will start without a wave window. If you want to open a wave window go to 'File->New Waveform Configuration' or type 'create_wave_config' in the TCL console."
#   }
# }
# run 1000ns
INFO: [USF-XSim-96] XSim completed. Design snapshot 'testbench_behav' loaded.
INFO: [USF-XSim-97] XSim simulation ran for 1000ns
launch_simulation: Time (s): cpu = 00:00:04 ; elapsed = 00:00:08 . Memory (MB): peak = 895.277 ; gain = 7.777
close_sim
INFO: [Simtcl 6-16] Simulation closed
launch_simulation
INFO: [Vivado 12-5682] Launching behavioral simulation in 'E:/CMPEN 331 Vivado Lab/331_Lab3/331_lab3_yubo/331_lab3_yubo.sim/sim_1/behav/xsim'
INFO: [SIM-utils-51] Simulation object is 'sim_1'
INFO: [SIM-utils-54] Inspecting design source files for 'testbench' in fileset 'sim_1'...
INFO: [USF-XSim-97] Finding global include files...
INFO: [USF-XSim-98] Fetching design files from 'sim_1'...
INFO: [USF-XSim-2] XSim::Compile design
INFO: [USF-XSim-61] Executing 'COMPILE and ANALYZE' step in 'E:/CMPEN 331 Vivado Lab/331_Lab3/331_lab3_yubo/331_lab3_yubo.sim/sim_1/behav/xsim'
"xvlog --incr --relax -prj testbench_vlog.prj"
INFO: [VRFC 10-2263] Analyzing Verilog file "E:/CMPEN 331 Vivado Lab/331_Lab3/331_lab3_yubo/331_lab3_yubo.srcs/sources_1/new/Control_Unit.v" into library xil_defaultlib
INFO: [VRFC 10-311] analyzing module Control_Unit
INFO: [VRFC 10-2263] Analyzing Verilog file "E:/CMPEN 331 Vivado Lab/331_Lab3/331_lab3_yubo/331_lab3_yubo.srcs/sources_1/new/IDEXE_Pipeline_Register.v" into library xil_defaultlib
INFO: [VRFC 10-311] analyzing module IDEXE_Pipeline_Register
INFO: [VRFC 10-2263] Analyzing Verilog file "E:/CMPEN 331 Vivado Lab/331_Lab3/331_lab3_yubo/331_lab3_yubo.srcs/sources_1/new/IFID_IDEXE_Module.v" into library xil_defaultlib
INFO: [VRFC 10-311] analyzing module IFID_IDEXE_Module
INFO: [VRFC 10-2263] Analyzing Verilog file "E:/CMPEN 331 Vivado Lab/331_Lab3/331_lab3_yubo/331_lab3_yubo.srcs/sources_1/new/IFID_Pipeline_Register.v" into library xil_defaultlib
INFO: [VRFC 10-311] analyzing module IFID_Pipeline_Register
INFO: [VRFC 10-2263] Analyzing Verilog file "E:/CMPEN 331 Vivado Lab/331_Lab3/331_lab3_yubo/331_lab3_yubo.srcs/sources_1/new/IM.v" into library xil_defaultlib
INFO: [VRFC 10-311] analyzing module IM
INFO: [VRFC 10-2263] Analyzing Verilog file "E:/CMPEN 331 Vivado Lab/331_Lab3/331_lab3_yubo/331_lab3_yubo.srcs/sources_1/new/PC.v" into library xil_defaultlib
INFO: [VRFC 10-311] analyzing module PC
INFO: [VRFC 10-2263] Analyzing Verilog file "E:/CMPEN 331 Vivado Lab/331_Lab3/331_lab3_yubo/331_lab3_yubo.srcs/sources_1/new/Pc_Adder.v" into library xil_defaultlib
INFO: [VRFC 10-311] analyzing module Pc_Adder
INFO: [VRFC 10-2263] Analyzing Verilog file "E:/CMPEN 331 Vivado Lab/331_Lab3/331_lab3_yubo/331_lab3_yubo.srcs/sources_1/new/Register_File.v" into library xil_defaultlib
INFO: [VRFC 10-311] analyzing module Register_File
INFO: [VRFC 10-2263] Analyzing Verilog file "E:/CMPEN 331 Vivado Lab/331_Lab3/331_lab3_yubo/331_lab3_yubo.srcs/sources_1/new/imm_Extender.v" into library xil_defaultlib
INFO: [VRFC 10-311] analyzing module imm_Extender
INFO: [VRFC 10-2263] Analyzing Verilog file "E:/CMPEN 331 Vivado Lab/331_Lab3/331_lab3_yubo/331_lab3_yubo.srcs/sources_1/new/regDst_mux.v" into library xil_defaultlib
INFO: [VRFC 10-311] analyzing module regDst_mux
INFO: [VRFC 10-2263] Analyzing Verilog file "E:/CMPEN 331 Vivado Lab/331_Lab3/331_lab3_yubo/331_lab3_yubo.srcs/sim_1/new/testbench.v" into library xil_defaultlib
INFO: [VRFC 10-311] analyzing module testbench
INFO: [USF-XSim-69] 'compile' step finished in '2' seconds
INFO: [USF-XSim-3] XSim::Elaborate design
INFO: [USF-XSim-61] Executing 'ELABORATE' step in 'E:/CMPEN 331 Vivado Lab/331_Lab3/331_lab3_yubo/331_lab3_yubo.sim/sim_1/behav/xsim'
"xelab -wto 69da72b6fbdc4a6f868972bcd3078928 --incr --debug typical --relax --mt 2 -L xil_defaultlib -L unisims_ver -L unimacro_ver -L secureip --snapshot testbench_behav xil_defaultlib.testbench xil_defaultlib.glbl -log elaborate.log"
Vivado Simulator 2019.1
Copyright 1986-1999, 2001-2019 Xilinx, Inc. All Rights Reserved.
Running: C:/Xilinx/Vivado/2019.1/bin/unwrapped/win64.o/xelab.exe -wto 69da72b6fbdc4a6f868972bcd3078928 --incr --debug typical --relax --mt 2 -L xil_defaultlib -L unisims_ver -L unimacro_ver -L secureip --snapshot testbench_behav xil_defaultlib.testbench xil_defaultlib.glbl -log elaborate.log 
Using 2 slave threads.
Starting static elaboration
Completed static elaboration
Starting simulation data flow analysis
Completed simulation data flow analysis
Time Resolution for simulation is 1ps
Compiling module xil_defaultlib.PC
Compiling module xil_defaultlib.IM
Compiling module xil_defaultlib.Pc_Adder
Compiling module xil_defaultlib.IFID_Pipeline_Register
Compiling module xil_defaultlib.Control_Unit
Compiling module xil_defaultlib.regDst_mux
Compiling module xil_defaultlib.Register_File
Compiling module xil_defaultlib.imm_Extender
Compiling module xil_defaultlib.IDEXE_Pipeline_Register
Compiling module xil_defaultlib.IFID_IDEXE_Module
Compiling module xil_defaultlib.testbench
Compiling module xil_defaultlib.glbl
Built simulation snapshot testbench_behav
INFO: [USF-XSim-69] 'elaborate' step finished in '1' seconds
INFO: [USF-XSim-4] XSim::Simulate design
INFO: [USF-XSim-61] Executing 'SIMULATE' step in 'E:/CMPEN 331 Vivado Lab/331_Lab3/331_lab3_yubo/331_lab3_yubo.sim/sim_1/behav/xsim'
INFO: [USF-XSim-98] *** Running xsim
   with args "testbench_behav -key {Behavioral:sim_1:Functional:testbench} -tclbatch {testbench.tcl} -log {simulate.log}"
INFO: [USF-XSim-8] Loading simulator feature
Vivado Simulator 2019.1
INFO: [Common 17-41] Interrupt caught. Command should exit soon.
Time resolution is 1 ps
source testbench.tcl
INFO: [Common 17-344] 'xsim' was cancelled
INFO: [Vivado 12-5357] 'simulate' step aborted
launch_simulation: Time (s): cpu = 00:00:02 ; elapsed = 00:00:05 . Memory (MB): peak = 971.066 ; gain = 7.816
INFO: [Common 17-344] 'launch_simulation' was cancelled
close_sim
INFO: [Simtcl 6-16] Simulation closed
launch_simulation
INFO: [Vivado 12-5682] Launching behavioral simulation in 'E:/CMPEN 331 Vivado Lab/331_Lab3/331_lab3_yubo/331_lab3_yubo.sim/sim_1/behav/xsim'
INFO: [SIM-utils-51] Simulation object is 'sim_1'
INFO: [SIM-utils-54] Inspecting design source files for 'testbench' in fileset 'sim_1'...
INFO: [USF-XSim-97] Finding global include files...
INFO: [USF-XSim-98] Fetching design files from 'sim_1'...
INFO: [USF-XSim-2] XSim::Compile design
INFO: [USF-XSim-61] Executing 'COMPILE and ANALYZE' step in 'E:/CMPEN 331 Vivado Lab/331_Lab3/331_lab3_yubo/331_lab3_yubo.sim/sim_1/behav/xsim'
"xvlog --incr --relax -prj testbench_vlog.prj"
INFO: [VRFC 10-2263] Analyzing Verilog file "E:/CMPEN 331 Vivado Lab/331_Lab3/331_lab3_yubo/331_lab3_yubo.srcs/sources_1/new/Control_Unit.v" into library xil_defaultlib
INFO: [VRFC 10-311] analyzing module Control_Unit
INFO: [VRFC 10-2263] Analyzing Verilog file "E:/CMPEN 331 Vivado Lab/331_Lab3/331_lab3_yubo/331_lab3_yubo.srcs/sources_1/new/IDEXE_Pipeline_Register.v" into library xil_defaultlib
INFO: [VRFC 10-311] analyzing module IDEXE_Pipeline_Register
INFO: [VRFC 10-2263] Analyzing Verilog file "E:/CMPEN 331 Vivado Lab/331_Lab3/331_lab3_yubo/331_lab3_yubo.srcs/sources_1/new/IFID_IDEXE_Module.v" into library xil_defaultlib
INFO: [VRFC 10-311] analyzing module IFID_IDEXE_Module
INFO: [VRFC 10-2263] Analyzing Verilog file "E:/CMPEN 331 Vivado Lab/331_Lab3/331_lab3_yubo/331_lab3_yubo.srcs/sources_1/new/IFID_Pipeline_Register.v" into library xil_defaultlib
INFO: [VRFC 10-311] analyzing module IFID_Pipeline_Register
INFO: [VRFC 10-2263] Analyzing Verilog file "E:/CMPEN 331 Vivado Lab/331_Lab3/331_lab3_yubo/331_lab3_yubo.srcs/sources_1/new/IM.v" into library xil_defaultlib
INFO: [VRFC 10-311] analyzing module IM
INFO: [VRFC 10-2263] Analyzing Verilog file "E:/CMPEN 331 Vivado Lab/331_Lab3/331_lab3_yubo/331_lab3_yubo.srcs/sources_1/new/PC.v" into library xil_defaultlib
INFO: [VRFC 10-311] analyzing module PC
INFO: [VRFC 10-2263] Analyzing Verilog file "E:/CMPEN 331 Vivado Lab/331_Lab3/331_lab3_yubo/331_lab3_yubo.srcs/sources_1/new/Pc_Adder.v" into library xil_defaultlib
INFO: [VRFC 10-311] analyzing module Pc_Adder
INFO: [VRFC 10-2263] Analyzing Verilog file "E:/CMPEN 331 Vivado Lab/331_Lab3/331_lab3_yubo/331_lab3_yubo.srcs/sources_1/new/Register_File.v" into library xil_defaultlib
INFO: [VRFC 10-311] analyzing module Register_File
INFO: [VRFC 10-2263] Analyzing Verilog file "E:/CMPEN 331 Vivado Lab/331_Lab3/331_lab3_yubo/331_lab3_yubo.srcs/sources_1/new/imm_Extender.v" into library xil_defaultlib
INFO: [VRFC 10-311] analyzing module imm_Extender
INFO: [VRFC 10-2263] Analyzing Verilog file "E:/CMPEN 331 Vivado Lab/331_Lab3/331_lab3_yubo/331_lab3_yubo.srcs/sources_1/new/regDst_mux.v" into library xil_defaultlib
INFO: [VRFC 10-311] analyzing module regDst_mux
INFO: [VRFC 10-2263] Analyzing Verilog file "E:/CMPEN 331 Vivado Lab/331_Lab3/331_lab3_yubo/331_lab3_yubo.srcs/sim_1/new/testbench.v" into library xil_defaultlib
INFO: [VRFC 10-311] analyzing module testbench
INFO: [USF-XSim-69] 'compile' step finished in '2' seconds
INFO: [USF-XSim-3] XSim::Elaborate design
INFO: [USF-XSim-61] Executing 'ELABORATE' step in 'E:/CMPEN 331 Vivado Lab/331_Lab3/331_lab3_yubo/331_lab3_yubo.sim/sim_1/behav/xsim'
"xelab -wto 69da72b6fbdc4a6f868972bcd3078928 --incr --debug typical --relax --mt 2 -L xil_defaultlib -L unisims_ver -L unimacro_ver -L secureip --snapshot testbench_behav xil_defaultlib.testbench xil_defaultlib.glbl -log elaborate.log"
Vivado Simulator 2019.1
Copyright 1986-1999, 2001-2019 Xilinx, Inc. All Rights Reserved.
Running: C:/Xilinx/Vivado/2019.1/bin/unwrapped/win64.o/xelab.exe -wto 69da72b6fbdc4a6f868972bcd3078928 --incr --debug typical --relax --mt 2 -L xil_defaultlib -L unisims_ver -L unimacro_ver -L secureip --snapshot testbench_behav xil_defaultlib.testbench xil_defaultlib.glbl -log elaborate.log 
Using 2 slave threads.
Starting static elaboration
Completed static elaboration
Starting simulation data flow analysis
Completed simulation data flow analysis
Time Resolution for simulation is 1ps
Compiling module xil_defaultlib.PC
Compiling module xil_defaultlib.IM
Compiling module xil_defaultlib.Pc_Adder
Compiling module xil_defaultlib.IFID_Pipeline_Register
Compiling module xil_defaultlib.Control_Unit
Compiling module xil_defaultlib.regDst_mux
Compiling module xil_defaultlib.Register_File
Compiling module xil_defaultlib.imm_Extender
Compiling module xil_defaultlib.IDEXE_Pipeline_Register
Compiling module xil_defaultlib.IFID_IDEXE_Module
Compiling module xil_defaultlib.testbench
Compiling module xil_defaultlib.glbl
Built simulation snapshot testbench_behav
INFO: [USF-XSim-69] 'elaborate' step finished in '1' seconds
INFO: [USF-XSim-4] XSim::Simulate design
INFO: [USF-XSim-61] Executing 'SIMULATE' step in 'E:/CMPEN 331 Vivado Lab/331_Lab3/331_lab3_yubo/331_lab3_yubo.sim/sim_1/behav/xsim'
INFO: [USF-XSim-98] *** Running xsim
   with args "testbench_behav -key {Behavioral:sim_1:Functional:testbench} -tclbatch {testbench.tcl} -log {simulate.log}"
INFO: [USF-XSim-8] Loading simulator feature
Vivado Simulator 2019.1
Time resolution is 1 ps
source testbench.tcl
# set curr_wave [current_wave_config]
# if { [string length $curr_wave] == 0 } {
#   if { [llength [get_objects]] > 0} {
#     add_wave /
#     set_property needs_save false [current_wave_config]
#   } else {
#      send_msg_id Add_Wave-1 WARNING "No top level signals found. Simulator will start without a wave window. If you want to open a wave window go to 'File->New Waveform Configuration' or type 'create_wave_config' in the TCL console."
#   }
# }
# run 1000ns
INFO: [USF-XSim-96] XSim completed. Design snapshot 'testbench_behav' loaded.
INFO: [USF-XSim-97] XSim simulation ran for 1000ns
launch_simulation: Time (s): cpu = 00:00:03 ; elapsed = 00:00:06 . Memory (MB): peak = 1188.066 ; gain = 3.527
close_sim
INFO: [Simtcl 6-16] Simulation closed
launch_simulation
INFO: [Vivado 12-5682] Launching behavioral simulation in 'E:/CMPEN 331 Vivado Lab/331_Lab3/331_lab3_yubo/331_lab3_yubo.sim/sim_1/behav/xsim'
INFO: [SIM-utils-51] Simulation object is 'sim_1'
INFO: [SIM-utils-54] Inspecting design source files for 'testbench' in fileset 'sim_1'...
INFO: [USF-XSim-97] Finding global include files...
INFO: [USF-XSim-98] Fetching design files from 'sim_1'...
INFO: [USF-XSim-2] XSim::Compile design
INFO: [USF-XSim-61] Executing 'COMPILE and ANALYZE' step in 'E:/CMPEN 331 Vivado Lab/331_Lab3/331_lab3_yubo/331_lab3_yubo.sim/sim_1/behav/xsim'
"xvlog --incr --relax -prj testbench_vlog.prj"
INFO: [VRFC 10-2263] Analyzing Verilog file "E:/CMPEN 331 Vivado Lab/331_Lab3/331_lab3_yubo/331_lab3_yubo.srcs/sources_1/new/Control_Unit.v" into library xil_defaultlib
INFO: [VRFC 10-311] analyzing module Control_Unit
INFO: [VRFC 10-2263] Analyzing Verilog file "E:/CMPEN 331 Vivado Lab/331_Lab3/331_lab3_yubo/331_lab3_yubo.srcs/sources_1/new/IDEXE_Pipeline_Register.v" into library xil_defaultlib
INFO: [VRFC 10-311] analyzing module IDEXE_Pipeline_Register
INFO: [VRFC 10-2263] Analyzing Verilog file "E:/CMPEN 331 Vivado Lab/331_Lab3/331_lab3_yubo/331_lab3_yubo.srcs/sources_1/new/IFID_IDEXE_Module.v" into library xil_defaultlib
INFO: [VRFC 10-311] analyzing module IFID_IDEXE_Module
INFO: [VRFC 10-2263] Analyzing Verilog file "E:/CMPEN 331 Vivado Lab/331_Lab3/331_lab3_yubo/331_lab3_yubo.srcs/sources_1/new/IFID_Pipeline_Register.v" into library xil_defaultlib
INFO: [VRFC 10-311] analyzing module IFID_Pipeline_Register
INFO: [VRFC 10-2263] Analyzing Verilog file "E:/CMPEN 331 Vivado Lab/331_Lab3/331_lab3_yubo/331_lab3_yubo.srcs/sources_1/new/IM.v" into library xil_defaultlib
INFO: [VRFC 10-311] analyzing module IM
INFO: [VRFC 10-2263] Analyzing Verilog file "E:/CMPEN 331 Vivado Lab/331_Lab3/331_lab3_yubo/331_lab3_yubo.srcs/sources_1/new/PC.v" into library xil_defaultlib
INFO: [VRFC 10-311] analyzing module PC
INFO: [VRFC 10-2263] Analyzing Verilog file "E:/CMPEN 331 Vivado Lab/331_Lab3/331_lab3_yubo/331_lab3_yubo.srcs/sources_1/new/Pc_Adder.v" into library xil_defaultlib
INFO: [VRFC 10-311] analyzing module Pc_Adder
INFO: [VRFC 10-2263] Analyzing Verilog file "E:/CMPEN 331 Vivado Lab/331_Lab3/331_lab3_yubo/331_lab3_yubo.srcs/sources_1/new/Register_File.v" into library xil_defaultlib
INFO: [VRFC 10-311] analyzing module Register_File
INFO: [VRFC 10-2263] Analyzing Verilog file "E:/CMPEN 331 Vivado Lab/331_Lab3/331_lab3_yubo/331_lab3_yubo.srcs/sources_1/new/imm_Extender.v" into library xil_defaultlib
INFO: [VRFC 10-311] analyzing module imm_Extender
INFO: [VRFC 10-2263] Analyzing Verilog file "E:/CMPEN 331 Vivado Lab/331_Lab3/331_lab3_yubo/331_lab3_yubo.srcs/sources_1/new/regDst_mux.v" into library xil_defaultlib
INFO: [VRFC 10-311] analyzing module regDst_mux
INFO: [VRFC 10-2263] Analyzing Verilog file "E:/CMPEN 331 Vivado Lab/331_Lab3/331_lab3_yubo/331_lab3_yubo.srcs/sim_1/new/testbench.v" into library xil_defaultlib
INFO: [VRFC 10-311] analyzing module testbench
INFO: [USF-XSim-69] 'compile' step finished in '1' seconds
INFO: [USF-XSim-3] XSim::Elaborate design
INFO: [USF-XSim-61] Executing 'ELABORATE' step in 'E:/CMPEN 331 Vivado Lab/331_Lab3/331_lab3_yubo/331_lab3_yubo.sim/sim_1/behav/xsim'
"xelab -wto 69da72b6fbdc4a6f868972bcd3078928 --incr --debug typical --relax --mt 2 -L xil_defaultlib -L unisims_ver -L unimacro_ver -L secureip --snapshot testbench_behav xil_defaultlib.testbench xil_defaultlib.glbl -log elaborate.log"
Vivado Simulator 2019.1
Copyright 1986-1999, 2001-2019 Xilinx, Inc. All Rights Reserved.
Running: C:/Xilinx/Vivado/2019.1/bin/unwrapped/win64.o/xelab.exe -wto 69da72b6fbdc4a6f868972bcd3078928 --incr --debug typical --relax --mt 2 -L xil_defaultlib -L unisims_ver -L unimacro_ver -L secureip --snapshot testbench_behav xil_defaultlib.testbench xil_defaultlib.glbl -log elaborate.log 
Using 2 slave threads.
Starting static elaboration
Completed static elaboration
Starting simulation data flow analysis
Completed simulation data flow analysis
Time Resolution for simulation is 1ps
Compiling module xil_defaultlib.PC
Compiling module xil_defaultlib.IM
Compiling module xil_defaultlib.Pc_Adder
Compiling module xil_defaultlib.IFID_Pipeline_Register
Compiling module xil_defaultlib.Control_Unit
Compiling module xil_defaultlib.regDst_mux
Compiling module xil_defaultlib.Register_File
Compiling module xil_defaultlib.imm_Extender
Compiling module xil_defaultlib.IDEXE_Pipeline_Register
Compiling module xil_defaultlib.IFID_IDEXE_Module
Compiling module xil_defaultlib.testbench
Compiling module xil_defaultlib.glbl
Built simulation snapshot testbench_behav
INFO: [USF-XSim-69] 'elaborate' step finished in '2' seconds
INFO: [USF-XSim-4] XSim::Simulate design
INFO: [USF-XSim-61] Executing 'SIMULATE' step in 'E:/CMPEN 331 Vivado Lab/331_Lab3/331_lab3_yubo/331_lab3_yubo.sim/sim_1/behav/xsim'
INFO: [USF-XSim-98] *** Running xsim
   with args "testbench_behav -key {Behavioral:sim_1:Functional:testbench} -tclbatch {testbench.tcl} -log {simulate.log}"
INFO: [USF-XSim-8] Loading simulator feature
Vivado Simulator 2019.1
Time resolution is 1 ps
source testbench.tcl
# set curr_wave [current_wave_config]
# if { [string length $curr_wave] == 0 } {
#   if { [llength [get_objects]] > 0} {
#     add_wave /
#     set_property needs_save false [current_wave_config]
#   } else {
#      send_msg_id Add_Wave-1 WARNING "No top level signals found. Simulator will start without a wave window. If you want to open a wave window go to 'File->New Waveform Configuration' or type 'create_wave_config' in the TCL console."
#   }
# }
# run 1000ns
INFO: [USF-XSim-96] XSim completed. Design snapshot 'testbench_behav' loaded.
INFO: [USF-XSim-97] XSim simulation ran for 1000ns
launch_simulation: Time (s): cpu = 00:00:04 ; elapsed = 00:00:06 . Memory (MB): peak = 1188.066 ; gain = 0.000
current_wave_config {Untitled 7}
Untitled 7
add_wave {{/testbench/IFID_IDEXE_Module_tb}} 
add_bp {E:/CMPEN 331 Vivado Lab/331_Lab3/331_lab3_yubo/331_lab3_yubo.srcs/sources_1/new/IM.v} 14
remove_bps -file {E:/CMPEN 331 Vivado Lab/331_Lab3/331_lab3_yubo/331_lab3_yubo.srcs/sources_1/new/IM.v} -line 14
close_sim
INFO: [Simtcl 6-16] Simulation closed
launch_simulation
INFO: [Vivado 12-5682] Launching behavioral simulation in 'E:/CMPEN 331 Vivado Lab/331_Lab3/331_lab3_yubo/331_lab3_yubo.sim/sim_1/behav/xsim'
INFO: [SIM-utils-51] Simulation object is 'sim_1'
INFO: [SIM-utils-54] Inspecting design source files for 'testbench' in fileset 'sim_1'...
INFO: [USF-XSim-97] Finding global include files...
INFO: [USF-XSim-98] Fetching design files from 'sim_1'...
INFO: [USF-XSim-2] XSim::Compile design
INFO: [USF-XSim-61] Executing 'COMPILE and ANALYZE' step in 'E:/CMPEN 331 Vivado Lab/331_Lab3/331_lab3_yubo/331_lab3_yubo.sim/sim_1/behav/xsim'
"xvlog --incr --relax -prj testbench_vlog.prj"
INFO: [VRFC 10-2263] Analyzing Verilog file "E:/CMPEN 331 Vivado Lab/331_Lab3/331_lab3_yubo/331_lab3_yubo.srcs/sources_1/new/Control_Unit.v" into library xil_defaultlib
INFO: [VRFC 10-311] analyzing module Control_Unit
INFO: [VRFC 10-2263] Analyzing Verilog file "E:/CMPEN 331 Vivado Lab/331_Lab3/331_lab3_yubo/331_lab3_yubo.srcs/sources_1/new/IDEXE_Pipeline_Register.v" into library xil_defaultlib
INFO: [VRFC 10-311] analyzing module IDEXE_Pipeline_Register
INFO: [VRFC 10-2263] Analyzing Verilog file "E:/CMPEN 331 Vivado Lab/331_Lab3/331_lab3_yubo/331_lab3_yubo.srcs/sources_1/new/IFID_IDEXE_Module.v" into library xil_defaultlib
INFO: [VRFC 10-311] analyzing module IFID_IDEXE_Module
INFO: [VRFC 10-2263] Analyzing Verilog file "E:/CMPEN 331 Vivado Lab/331_Lab3/331_lab3_yubo/331_lab3_yubo.srcs/sources_1/new/IFID_Pipeline_Register.v" into library xil_defaultlib
INFO: [VRFC 10-311] analyzing module IFID_Pipeline_Register
INFO: [VRFC 10-2263] Analyzing Verilog file "E:/CMPEN 331 Vivado Lab/331_Lab3/331_lab3_yubo/331_lab3_yubo.srcs/sources_1/new/IM.v" into library xil_defaultlib
INFO: [VRFC 10-311] analyzing module IM
INFO: [VRFC 10-2263] Analyzing Verilog file "E:/CMPEN 331 Vivado Lab/331_Lab3/331_lab3_yubo/331_lab3_yubo.srcs/sources_1/new/PC.v" into library xil_defaultlib
INFO: [VRFC 10-311] analyzing module PC
INFO: [VRFC 10-2263] Analyzing Verilog file "E:/CMPEN 331 Vivado Lab/331_Lab3/331_lab3_yubo/331_lab3_yubo.srcs/sources_1/new/Pc_Adder.v" into library xil_defaultlib
INFO: [VRFC 10-311] analyzing module Pc_Adder
INFO: [VRFC 10-2263] Analyzing Verilog file "E:/CMPEN 331 Vivado Lab/331_Lab3/331_lab3_yubo/331_lab3_yubo.srcs/sources_1/new/Register_File.v" into library xil_defaultlib
INFO: [VRFC 10-311] analyzing module Register_File
INFO: [VRFC 10-2263] Analyzing Verilog file "E:/CMPEN 331 Vivado Lab/331_Lab3/331_lab3_yubo/331_lab3_yubo.srcs/sources_1/new/imm_Extender.v" into library xil_defaultlib
INFO: [VRFC 10-311] analyzing module imm_Extender
INFO: [VRFC 10-2263] Analyzing Verilog file "E:/CMPEN 331 Vivado Lab/331_Lab3/331_lab3_yubo/331_lab3_yubo.srcs/sources_1/new/regDst_mux.v" into library xil_defaultlib
INFO: [VRFC 10-311] analyzing module regDst_mux
INFO: [VRFC 10-2263] Analyzing Verilog file "E:/CMPEN 331 Vivado Lab/331_Lab3/331_lab3_yubo/331_lab3_yubo.srcs/sim_1/new/testbench.v" into library xil_defaultlib
INFO: [VRFC 10-311] analyzing module testbench
INFO: [USF-XSim-69] 'compile' step finished in '1' seconds
INFO: [USF-XSim-3] XSim::Elaborate design
INFO: [USF-XSim-61] Executing 'ELABORATE' step in 'E:/CMPEN 331 Vivado Lab/331_Lab3/331_lab3_yubo/331_lab3_yubo.sim/sim_1/behav/xsim'
"xelab -wto 69da72b6fbdc4a6f868972bcd3078928 --incr --debug typical --relax --mt 2 -L xil_defaultlib -L unisims_ver -L unimacro_ver -L secureip --snapshot testbench_behav xil_defaultlib.testbench xil_defaultlib.glbl -log elaborate.log"
Vivado Simulator 2019.1
Copyright 1986-1999, 2001-2019 Xilinx, Inc. All Rights Reserved.
Running: C:/Xilinx/Vivado/2019.1/bin/unwrapped/win64.o/xelab.exe -wto 69da72b6fbdc4a6f868972bcd3078928 --incr --debug typical --relax --mt 2 -L xil_defaultlib -L unisims_ver -L unimacro_ver -L secureip --snapshot testbench_behav xil_defaultlib.testbench xil_defaultlib.glbl -log elaborate.log 
Using 2 slave threads.
Starting static elaboration
Completed static elaboration
Starting simulation data flow analysis
Completed simulation data flow analysis
Time Resolution for simulation is 1ps
Compiling module xil_defaultlib.PC
Compiling module xil_defaultlib.IM
Compiling module xil_defaultlib.Pc_Adder
Compiling module xil_defaultlib.IFID_Pipeline_Register
Compiling module xil_defaultlib.Control_Unit
Compiling module xil_defaultlib.regDst_mux
Compiling module xil_defaultlib.Register_File
Compiling module xil_defaultlib.imm_Extender
Compiling module xil_defaultlib.IDEXE_Pipeline_Register
Compiling module xil_defaultlib.IFID_IDEXE_Module
Compiling module xil_defaultlib.testbench
Compiling module xil_defaultlib.glbl
Built simulation snapshot testbench_behav
INFO: [USF-XSim-69] 'elaborate' step finished in '2' seconds
INFO: [USF-XSim-4] XSim::Simulate design
INFO: [USF-XSim-61] Executing 'SIMULATE' step in 'E:/CMPEN 331 Vivado Lab/331_Lab3/331_lab3_yubo/331_lab3_yubo.sim/sim_1/behav/xsim'
INFO: [USF-XSim-98] *** Running xsim
   with args "testbench_behav -key {Behavioral:sim_1:Functional:testbench} -tclbatch {testbench.tcl} -log {simulate.log}"
INFO: [USF-XSim-8] Loading simulator feature
Vivado Simulator 2019.1
Time resolution is 1 ps
source testbench.tcl
# set curr_wave [current_wave_config]
# if { [string length $curr_wave] == 0 } {
#   if { [llength [get_objects]] > 0} {
#     add_wave /
#     set_property needs_save false [current_wave_config]
#   } else {
#      send_msg_id Add_Wave-1 WARNING "No top level signals found. Simulator will start without a wave window. If you want to open a wave window go to 'File->New Waveform Configuration' or type 'create_wave_config' in the TCL console."
#   }
# }
# run 1000ns
INFO: [USF-XSim-96] XSim completed. Design snapshot 'testbench_behav' loaded.
INFO: [USF-XSim-97] XSim simulation ran for 1000ns
launch_simulation: Time (s): cpu = 00:00:03 ; elapsed = 00:00:06 . Memory (MB): peak = 1188.066 ; gain = 0.000
launch_runs synth_1 -jobs 6
[Sun Mar 20 19:15:52 2022] Launched synth_1...
Run output will be captured here: E:/CMPEN 331 Vivado Lab/331_Lab3/331_lab3_yubo/331_lab3_yubo.runs/synth_1/runme.log
open_run synth_1 -name synth_1
Design is defaulting to impl run constrset: constrs_1
Design is defaulting to synth run part: xc7z010clg400-1
INFO: [Device 21-403] Loading part xc7z010clg400-1
INFO: [Netlist 29-17] Analyzing 8 Unisim elements for replacement
INFO: [Netlist 29-28] Unisim Transformation completed in 0 CPU seconds
INFO: [Project 1-479] Netlist was created with Vivado 2019.1
INFO: [Project 1-570] Preparing netlist for logic optimization
INFO: [Opt 31-138] Pushed 0 inverter(s) to 0 load pin(s).
Netlist sorting complete. Time (s): cpu = 00:00:00 ; elapsed = 00:00:00 . Memory (MB): peak = 1323.609 ; gain = 0.000
INFO: [Project 1-111] Unisim Transformation Summary:
No Unisim elements were transformed.

open_run: Time (s): cpu = 00:00:14 ; elapsed = 00:00:11 . Memory (MB): peak = 1440.016 ; gain = 251.949
launch_runs impl_1 -jobs 6
Netlist sorting complete. Time (s): cpu = 00:00:00 ; elapsed = 00:00:00.001 . Memory (MB): peak = 1894.918 ; gain = 0.000
WARNING: [Constraints 18-5210] No constraints selected for write.
Resolution: This message can indicate that there are no constraints for the design, or it can indicate that the used_in flags are set such that the constraints are ignored. This later case is used when running synth_design to not write synthesis constraints to the resulting checkpoint. Instead, project constraints are read when the synthesized design is opened.
[Sun Mar 20 19:20:26 2022] Launched impl_1...
Run output will be captured here: E:/CMPEN 331 Vivado Lab/331_Lab3/331_lab3_yubo/331_lab3_yubo.runs/impl_1/runme.log
close_sim
INFO: [Simtcl 6-16] Simulation closed
exit
INFO: [Common 17-206] Exiting Vivado at Sun Mar 20 19:21:10 2022...
