#-----------------------------------------------------------
# Vivado v2019.1 (64-bit)
# SW Build 2552052 on Fri May 24 14:49:42 MDT 2019
# IP Build 2548770 on Fri May 24 18:01:18 MDT 2019
# Start of session at: Sun Apr  3 13:34:13 2022
# Process ID: 18020
# Current directory: E:/CMPEN 331 Vivado Lab/331_Lab4/331_lab4_yubo
# Command line: vivado.exe -gui_launcher_event rodinguilauncherevent6720 E:\CMPEN 331 Vivado Lab\331_Lab4\331_lab4_yubo\331_lab4_yubo.xpr
# Log file: E:/CMPEN 331 Vivado Lab/331_Lab4/331_lab4_yubo/vivado.log
# Journal file: E:/CMPEN 331 Vivado Lab/331_Lab4/331_lab4_yubo\vivado.jou
#-----------------------------------------------------------
start_gui
open_project {E:/CMPEN 331 Vivado Lab/331_Lab4/331_lab4_yubo/331_lab4_yubo.xpr}
Scanning sources...
Finished scanning sources
INFO: [IP_Flow 19-234] Refreshing IP repositories
INFO: [IP_Flow 19-1704] No user IP repositories specified
INFO: [IP_Flow 19-2313] Loaded Vivado IP repository 'C:/Xilinx/Vivado/2019.1/data/ip'.
update_compile_order -fileset sources_1
close [ open {E:/CMPEN 331 Vivado Lab/331_Lab4/331_lab4_yubo/331_lab4_yubo.srcs/sources_1/new/ALUMux.v} w ]
add_files {{E:/CMPEN 331 Vivado Lab/331_Lab4/331_lab4_yubo/331_lab4_yubo.srcs/sources_1/new/ALUMux.v}}
update_compile_order -fileset sources_1
close [ open {E:/CMPEN 331 Vivado Lab/331_Lab4/331_lab4_yubo/331_lab4_yubo.srcs/sources_1/new/ALU.v} w ]
add_files {{E:/CMPEN 331 Vivado Lab/331_Lab4/331_lab4_yubo/331_lab4_yubo.srcs/sources_1/new/ALU.v}}
update_compile_order -fileset sources_1
close [ open {E:/CMPEN 331 Vivado Lab/331_Lab4/331_lab4_yubo/331_lab4_yubo.srcs/sources_1/new/EXEMEM_Pipeline_Register.v} w ]
add_files {{E:/CMPEN 331 Vivado Lab/331_Lab4/331_lab4_yubo/331_lab4_yubo.srcs/sources_1/new/EXEMEM_Pipeline_Register.v}}
update_compile_order -fileset sources_1
exit
INFO: [Common 17-206] Exiting Vivado at Sun Apr  3 17:31:30 2022...
