#-----------------------------------------------------------
# Vivado v2019.1 (64-bit)
# SW Build 2552052 on Fri May 24 14:49:42 MDT 2019
# IP Build 2548770 on Fri May 24 18:01:18 MDT 2019
# Start of session at: Sun Apr 24 17:57:37 2022
# Process ID: 22196
# Current directory: E:/CMPEN 331 Vivado Lab/331_Lab4/331_lab4_yubo
# Command line: vivado.exe -gui_launcher_event rodinguilauncherevent23828 E:\CMPEN 331 Vivado Lab\331_Lab4\331_lab4_yubo\331_lab4_yubo.xpr
# Log file: E:/CMPEN 331 Vivado Lab/331_Lab4/331_lab4_yubo/vivado.log
# Journal file: E:/CMPEN 331 Vivado Lab/331_Lab4/331_lab4_yubo\vivado.jou
#-----------------------------------------------------------
start_gui
open_project {E:/CMPEN 331 Vivado Lab/331_Lab4/331_lab4_yubo/331_lab4_yubo.xpr}
Scanning sources...
Finished scanning sources
INFO: [IP_Flow 19-234] Refreshing IP repositories
INFO: [IP_Flow 19-1704] No user IP repositories specified
INFO: [IP_Flow 19-2313] Loaded Vivado IP repository 'C:/Xilinx/Vivado/2019.1/data/ip'.
open_project: Time (s): cpu = 00:00:10 ; elapsed = 00:00:06 . Memory (MB): peak = 741.426 ; gain = 125.508
update_compile_order -fileset sources_1
save_project_as 331_lab5_yubo {E:/CMPEN 331 Vivado Lab/331_Lab5/331_lab5_yubo} -force
exit
INFO: [Common 17-206] Exiting Vivado at Sun Apr 24 17:59:32 2022...
